e:\foxit\autogradeplugin\samples\ribbonelements\ribbonelements\debug\vc141.pdb
e:\foxit\autogradeplugin\samples\ribbonelements\ribbonelements\debug\ribbonelements.obj
e:\foxit\autogradeplugin\samples\ribbonelements\ribbonelements\debug\elementsproc.obj
e:\foxit\autogradeplugin\samples\ribbonelements\ribbonelements\debug\ribbonelements.pch
e:\foxit\autogradeplugin\samples\ribbonelements\ribbonelements\debug\stdafx.obj
e:\foxit\autogradeplugin\samples\ribbonelements\ribbonelements\debug\propertysheetpagedlg.obj
e:\foxit\autogradeplugin\samples\ribbonelements\ribbonelements\debug\pimain.obj
c:\program files (x86)\foxit software\foxit phantompdf\plugins\ribbonelements.ilk
c:\program files (x86)\foxit software\foxit phantompdf\plugins\ribbonelements.fpi
e:\foxit\autogradeplugin\samples\ribbonelements\ribbonelements\debug\ribbonelements.fpi.intermediate.manifest
c:\program files (x86)\foxit software\foxit phantompdf\plugins\ribbonelements.pdb
c:\program files (x86)\foxit software\foxit phantompdf\plugins\ribbonelements.fpi.manifest
e:\foxit\autogradeplugin\samples\ribbonelements\ribbonelements\debug\ribbonelements.res
c:\program files (x86)\foxit software\foxit phantompdf\plugins\ribbonelements.lib
c:\program files (x86)\foxit software\foxit phantompdf\plugins\ribbonelements.exp
e:\foxit\autogradeplugin\samples\ribbonelements\ribbonelements\debug\ribbonelements.tlog\cl.command.1.tlog
e:\foxit\autogradeplugin\samples\ribbonelements\ribbonelements\debug\ribbonelements.tlog\cl.read.1.tlog
e:\foxit\autogradeplugin\samples\ribbonelements\ribbonelements\debug\ribbonelements.tlog\cl.write.1.tlog
e:\foxit\autogradeplugin\samples\ribbonelements\ribbonelements\debug\ribbonelements.tlog\link.command.1.tlog
e:\foxit\autogradeplugin\samples\ribbonelements\ribbonelements\debug\ribbonelements.tlog\link.read.1.tlog
e:\foxit\autogradeplugin\samples\ribbonelements\ribbonelements\debug\ribbonelements.tlog\link.write.1.tlog
e:\foxit\autogradeplugin\samples\ribbonelements\ribbonelements\debug\ribbonelements.tlog\mt.command.1.tlog
e:\foxit\autogradeplugin\samples\ribbonelements\ribbonelements\debug\ribbonelements.tlog\mt.read.1.tlog
e:\foxit\autogradeplugin\samples\ribbonelements\ribbonelements\debug\ribbonelements.tlog\mt.write.1.tlog
e:\foxit\autogradeplugin\samples\ribbonelements\ribbonelements\debug\ribbonelements.tlog\rc.command.1.tlog
e:\foxit\autogradeplugin\samples\ribbonelements\ribbonelements\debug\ribbonelements.tlog\rc.read.1.tlog
e:\foxit\autogradeplugin\samples\ribbonelements\ribbonelements\debug\ribbonelements.tlog\rc.write.1.tlog
e:\foxit\autogradeplugin\samples\ribbonelements\ribbonelements\debug\ribbonelements.tlog\ribbonelements.write.1u.tlog
